[0m18:13:48.798794 [debug] [MainThread]: Sending event: {'category': 'dbt', 'action': 'invocation', 'label': 'start', 'context': [<snowplow_tracker.self_describing_json.SelfDescribingJson object at 0x10d52d2b0>, <snowplow_tracker.self_describing_json.SelfDescribingJson object at 0x10ebfead0>, <snowplow_tracker.self_describing_json.SelfDescribingJson object at 0x10ebfed50>]}


============================== 18:13:48.804832 | bd7c73ef-a1a1-4666-b0d7-64f689d976eb ==============================
[0m18:13:48.804832 [info ] [MainThread]: Running with dbt=1.12.0-b3
[0m18:13:48.805116 [debug] [MainThread]: running dbt with arguments {'use_colors': 'True', 'maximum_seed_size_mib': '1', 'profiles_dir': '/Users/dev/.dbt', 'warn_error_options': 'WarnErrorOptionsV2(error=[], warn=[], silence=[])', 'version_check': 'True', 'no_print': 'None', 'log_cache_events': 'False', 'indirect_selection': 'eager', 'log_path': 'logs', 'partial_parse': 'True', 'log_format': 'default', 'write_json': 'True', 'debug': 'False', 'warn_error': 'None', 'printer_width': '80', 'use_experimental_parser': 'False', 'introspect': 'True', 'invocation_command': 'dbt init', 'empty': 'None', 'cache_selected_only': 'False', 'fail_fast': 'False', 'quiet': 'False', 'target_path': 'None', 'send_anonymous_usage_stats': 'True', 'static_parser': 'True'}
[0m18:14:41.109926 [debug] [MainThread]: Starter project path: /Users/dev/Desktop/Dx/Projects/PIP-Projects/week1/ecommerce-elt-pipeline/elt_venv/lib/python3.14/site-packages/dbt/include/starter_project
[0m18:14:41.126448 [info ] [MainThread]: Setting up your profile.
[0m18:14:54.581478 [debug] [MainThread]: Redshift adapter: Setting redshift_connector to ERROR
[0m18:14:54.581886 [debug] [MainThread]: Redshift adapter: Setting redshift_connector.core to ERROR
[0m18:16:54.001403 [debug] [MainThread]: Sending event: {'category': 'dbt', 'action': 'invocation', 'label': 'start', 'context': [<snowplow_tracker.self_describing_json.SelfDescribingJson object at 0x1092d0d70>, <snowplow_tracker.self_describing_json.SelfDescribingJson object at 0x10a96b610>, <snowplow_tracker.self_describing_json.SelfDescribingJson object at 0x10a96b110>]}


============================== 18:16:54.004841 | 8fee4c28-5363-4226-a402-4dcc3657cf52 ==============================
[0m18:16:54.004841 [info ] [MainThread]: Running with dbt=1.12.0-b3
[0m18:16:54.005143 [debug] [MainThread]: running dbt with arguments {'version_check': 'True', 'empty': 'None', 'printer_width': '80', 'indirect_selection': 'eager', 'use_experimental_parser': 'False', 'no_print': 'None', 'warn_error_options': 'WarnErrorOptionsV2(error=[], warn=[], silence=[])', 'static_parser': 'True', 'partial_parse': 'True', 'use_colors': 'True', 'maximum_seed_size_mib': '1', 'cache_selected_only': 'False', 'log_cache_events': 'False', 'target_path': 'None', 'invocation_command': 'dbt init', 'write_json': 'True', 'quiet': 'False', 'send_anonymous_usage_stats': 'True', 'warn_error': 'None', 'introspect': 'True', 'profiles_dir': '/Users/dev/.dbt', 'log_format': 'default', 'log_path': 'logs', 'fail_fast': 'False', 'debug': 'False'}
[0m18:21:29.010821 [debug] [MainThread]: Sending event: {'category': 'dbt', 'action': 'invocation', 'label': 'start', 'context': [<snowplow_tracker.self_describing_json.SelfDescribingJson object at 0x10d158d70>, <snowplow_tracker.self_describing_json.SelfDescribingJson object at 0x10e7fb610>, <snowplow_tracker.self_describing_json.SelfDescribingJson object at 0x10e7fb110>]}


============================== 18:21:29.013684 | 6af7ca49-e08e-403d-8a70-0ed86706c6b0 ==============================
[0m18:21:29.013684 [info ] [MainThread]: Running with dbt=1.12.0-b3
[0m18:21:29.013966 [debug] [MainThread]: running dbt with arguments {'introspect': 'True', 'quiet': 'False', 'use_colors': 'True', 'printer_width': '80', 'profiles_dir': '/Users/dev/.dbt', 'target_path': 'None', 'static_parser': 'True', 'version_check': 'True', 'indirect_selection': 'eager', 'log_cache_events': 'False', 'warn_error': 'None', 'write_json': 'True', 'partial_parse': 'True', 'log_path': 'logs', 'empty': 'None', 'cache_selected_only': 'False', 'no_print': 'None', 'warn_error_options': 'WarnErrorOptionsV2(error=[], warn=[], silence=[])', 'debug': 'False', 'send_anonymous_usage_stats': 'True', 'log_format': 'default', 'maximum_seed_size_mib': '1', 'invocation_command': 'dbt init', 'fail_fast': 'False', 'use_experimental_parser': 'False'}
[0m18:23:40.631172 [debug] [MainThread]: Starter project path: /Users/dev/Desktop/Dx/Projects/PIP-Projects/week1/ecommerce-elt-pipeline/elt_venv/lib/python3.14/site-packages/dbt/include/starter_project
[0m18:23:40.639406 [info ] [MainThread]: Setting up your profile.
[0m18:23:52.075198 [debug] [MainThread]: Snowflake adapter: Setting snowflake.connector to ERROR (file logging only)
[0m18:23:52.075957 [debug] [MainThread]: Snowflake adapter: Setting botocore to ERROR (file logging only)
[0m18:23:52.076275 [debug] [MainThread]: Snowflake adapter: Setting boto3 to ERROR (file logging only)
[0m18:26:23.214024 [error] [MainThread]: [[31mERROR[0m]: Encountered an error:

[0m18:26:23.229106 [error] [MainThread]: Traceback (most recent call last):
  File "/Users/dev/Desktop/Dx/Projects/PIP-Projects/week1/ecommerce-elt-pipeline/elt_venv/lib/python3.14/site-packages/dbt/cli/requires.py", line 190, in wrapper
    result, success = func(*args, **kwargs)
                      ~~~~^^^^^^^^^^^^^^^^^
  File "/Users/dev/Desktop/Dx/Projects/PIP-Projects/week1/ecommerce-elt-pipeline/elt_venv/lib/python3.14/site-packages/dbt/cli/requires.py", line 136, in wrapper
    return func(*args, **kwargs)
  File "/Users/dev/Desktop/Dx/Projects/PIP-Projects/week1/ecommerce-elt-pipeline/elt_venv/lib/python3.14/site-packages/dbt/cli/main.py", line 503, in init
    results = task.run()
  File "/Users/dev/Desktop/Dx/Projects/PIP-Projects/week1/ecommerce-elt-pipeline/elt_venv/lib/python3.14/site-packages/dbt/task/init.py", line 360, in run
    self.setup_profile(profile_name)
    ~~~~~~~~~~~~~~~~~~^^^^^^^^^^^^^^
  File "/Users/dev/Desktop/Dx/Projects/PIP-Projects/week1/ecommerce-elt-pipeline/elt_venv/lib/python3.14/site-packages/dbt/task/init.py", line 264, in setup_profile
    self.create_profile_from_target(adapter, profile_name=profile_name)
    ~~~~~~~~~~~~~~~~~~~~~~~~~~~~~~~^^^^^^^^^^^^^^^^^^^^^^^^^^^^^^^^^^^^
  File "/Users/dev/Desktop/Dx/Projects/PIP-Projects/week1/ecommerce-elt-pipeline/elt_venv/lib/python3.14/site-packages/dbt/task/init.py", line 181, in create_profile_from_target
    self.create_profile_from_profile_template(profile_template, profile_name)
    ~~~~~~~~~~~~~~~~~~~~~~~~~~~~~~~~~~~~~~~~~^^^^^^^^^^^^^^^^^^^^^^^^^^^^^^^^
  File "/Users/dev/Desktop/Dx/Projects/PIP-Projects/week1/ecommerce-elt-pipeline/elt_venv/lib/python3.14/site-packages/dbt/task/init.py", line 165, in create_profile_from_profile_template
    target = self.generate_target_from_input(prompts, initial_target)
  File "/Users/dev/Desktop/Dx/Projects/PIP-Projects/week1/ecommerce-elt-pipeline/elt_venv/lib/python3.14/site-packages/dbt/task/init.py", line 131, in generate_target_from_input
    target[key] = click.prompt(
                  ~~~~~~~~~~~~^
        text, default=default, hide_input=hide_input, type=type
        ^^^^^^^^^^^^^^^^^^^^^^^^^^^^^^^^^^^^^^^^^^^^^^^^^^^^^^^
    )
    ^
  File "/Users/dev/Desktop/Dx/Projects/PIP-Projects/week1/ecommerce-elt-pipeline/elt_venv/lib/python3.14/site-packages/click/termui.py", line 218, in prompt
    value = prompt_func(prompt)
  File "/Users/dev/Desktop/Dx/Projects/PIP-Projects/week1/ecommerce-elt-pipeline/elt_venv/lib/python3.14/site-packages/click/termui.py", line 201, in prompt_func
    raise Abort() from None
click.exceptions.Abort

[0m18:26:23.238452 [debug] [MainThread]: Resource report: {"command_name": "init", "command_success": false, "command_wall_clock_time": 294.23895, "process_in_blocks": "0", "process_kernel_time": 0.195969, "process_mem_max_rss": "130760704", "process_out_blocks": "0", "process_user_time": 0.80537}
[0m18:26:23.241022 [debug] [MainThread]: Command `dbt init` failed at 18:26:23.240811 after 294.24 seconds
[0m18:26:23.241915 [debug] [MainThread]: Sending event: {'category': 'dbt', 'action': 'invocation', 'label': 'end', 'context': [<snowplow_tracker.self_describing_json.SelfDescribingJson object at 0x11098da70>, <snowplow_tracker.self_describing_json.SelfDescribingJson object at 0x11095fd10>, <snowplow_tracker.self_describing_json.SelfDescribingJson object at 0x110a18050>]}
[0m18:26:23.242528 [debug] [MainThread]: Flushing usage events
[0m18:26:24.726403 [debug] [MainThread]: An error was encountered while trying to flush usage events
[0m18:26:34.669572 [debug] [MainThread]: Sending event: {'category': 'dbt', 'action': 'invocation', 'label': 'start', 'context': [<snowplow_tracker.self_describing_json.SelfDescribingJson object at 0x10d70cd70>, <snowplow_tracker.self_describing_json.SelfDescribingJson object at 0x10edaf610>, <snowplow_tracker.self_describing_json.SelfDescribingJson object at 0x10edaf110>]}


============================== 18:26:34.672633 | 2a2539a8-395e-40ec-9689-673b1a963842 ==============================
[0m18:26:34.672633 [info ] [MainThread]: Running with dbt=1.12.0-b3
[0m18:26:34.672917 [debug] [MainThread]: running dbt with arguments {'log_cache_events': 'False', 'cache_selected_only': 'False', 'maximum_seed_size_mib': '1', 'log_path': 'logs', 'log_format': 'default', 'use_colors': 'True', 'indirect_selection': 'eager', 'warn_error': 'None', 'introspect': 'True', 'quiet': 'False', 'no_print': 'None', 'partial_parse': 'True', 'write_json': 'True', 'use_experimental_parser': 'False', 'target_path': 'None', 'debug': 'False', 'static_parser': 'True', 'invocation_command': 'dbt init', 'send_anonymous_usage_stats': 'True', 'empty': 'None', 'warn_error_options': 'WarnErrorOptionsV2(error=[], warn=[], silence=[])', 'fail_fast': 'False', 'profiles_dir': '/Users/dev/.dbt', 'printer_width': '80', 'version_check': 'True'}
[0m18:26:56.270325 [debug] [MainThread]: Starter project path: /Users/dev/Desktop/Dx/Projects/PIP-Projects/week1/ecommerce-elt-pipeline/elt_venv/lib/python3.14/site-packages/dbt/include/starter_project
[0m18:26:56.274389 [info ] [MainThread]: Setting up your profile.
[0m18:26:58.936294 [debug] [MainThread]: Snowflake adapter: Setting snowflake.connector to ERROR (file logging only)
[0m18:26:58.936554 [debug] [MainThread]: Snowflake adapter: Setting botocore to ERROR (file logging only)
[0m18:26:58.936683 [debug] [MainThread]: Snowflake adapter: Setting boto3 to ERROR (file logging only)
[0m18:31:48.700465 [info ] [MainThread]: Profile dbtecomm written to /Users/dev/.dbt/profiles.yml using target's profile_template.yml and your supplied values.
[0m18:31:48.706917 [info ] [MainThread]: Running dbt debug to validate the project...
[0m18:31:48.707840 [info ] [MainThread]: dbt version: 1.12.0-b3
[0m18:31:48.708058 [info ] [MainThread]: python version: 3.14.6
[0m18:31:48.708201 [info ] [MainThread]: python path: /Users/dev/Desktop/Dx/Projects/PIP-Projects/week1/ecommerce-elt-pipeline/elt_venv/bin/python3.14
[0m18:31:48.708362 [info ] [MainThread]: os info: macOS-26.5.1-arm64-arm-64bit-Mach-O
[0m18:31:48.734334 [info ] [MainThread]: Using profiles dir at /Users/dev/.dbt
[0m18:31:48.734682 [info ] [MainThread]: Using profiles.yml file at /Users/dev/.dbt/profiles.yml
[0m18:31:48.734884 [info ] [MainThread]: Using dbt_project.yml file at /Users/dev/Desktop/Dx/Projects/PIP-Projects/week1/ecommerce-elt-pipeline/dbtecomm/dbt_project.yml
[0m18:31:48.735456 [info ] [MainThread]: adapter type: snowflake
[0m18:31:48.735707 [info ] [MainThread]: adapter version: 1.11.6
[0m18:31:48.783301 [info ] [MainThread]: Configuration:
[0m18:31:48.783538 [info ] [MainThread]:   profiles.yml file [[32mOK found and valid[0m]
[0m18:31:48.783681 [info ] [MainThread]:   dbt_project.yml file [[32mOK found and valid[0m]
[0m18:31:48.783807 [info ] [MainThread]: Required dependencies:
[0m18:31:48.784020 [debug] [MainThread]: Executing "git --help"
[0m18:31:48.803240 [debug] [MainThread]: STDOUT: "b"usage: git [-v | --version] [-h | --help] [-C <path>] [-c <name>=<value>]\n           [--exec-path[=<path>]] [--html-path] [--man-path] [--info-path]\n           [-p | --paginate | -P | --no-pager] [--no-replace-objects] [--no-lazy-fetch]\n           [--no-optional-locks] [--no-advice] [--bare] [--git-dir=<path>]\n           [--work-tree=<path>] [--namespace=<name>] [--config-env=<name>=<envvar>]\n           <command> [<args>]\n\nThese are common Git commands used in various situations:\n\nstart a working area (see also: git help tutorial)\n   clone      Clone a repository into a new directory\n   init       Create an empty Git repository or reinitialize an existing one\n\nwork on the current change (see also: git help everyday)\n   add        Add file contents to the index\n   mv         Move or rename a file, a directory, or a symlink\n   restore    Restore working tree files\n   rm         Remove files from the working tree and from the index\n\nexamine the history and state (see also: git help revisions)\n   bisect     Use binary search to find the commit that introduced a bug\n   diff       Show changes between commits, commit and working tree, etc\n   grep       Print lines matching a pattern\n   log        Show commit logs\n   show       Show various types of objects\n   status     Show the working tree status\n\ngrow, mark and tweak your common history\n   backfill   Download missing objects in a partial clone\n   branch     List, create, or delete branches\n   commit     Record changes to the repository\n   merge      Join two or more development histories together\n   rebase     Reapply commits on top of another base tip\n   reset      Reset current HEAD to the specified state\n   switch     Switch branches\n   tag        Create, list, delete or verify a tag object signed with GPG\n\ncollaborate (see also: git help workflows)\n   fetch      Download objects and refs from another repository\n   pull       Fetch from and integrate with another repository or a local branch\n   push       Update remote refs along with associated objects\n\n'git help -a' and 'git help -g' list available subcommands and some\nconcept guides. See 'git help <command>' or 'git help <concept>'\nto read about a specific subcommand or concept.\nSee 'git help git' for an overview of the system.\n""
[0m18:31:48.803772 [debug] [MainThread]: STDERR: "b''"
[0m18:31:48.803933 [info ] [MainThread]:  - git [[32mOK found[0m]

[0m18:31:48.804091 [info ] [MainThread]: Connection:
[0m18:31:48.804252 [info ] [MainThread]:   account: https://CNSFQSU-VL97973.snowflakecomputing.com
[0m18:31:48.804378 [info ] [MainThread]:   user: FAHADZUBAIR
[0m18:31:48.804491 [info ] [MainThread]:   database: ecomm_dw
[0m18:31:48.804604 [info ] [MainThread]:   warehouse: ecomm_dw
[0m18:31:48.804712 [info ] [MainThread]:   role: ACCOUNTADMIN
[0m18:31:48.804820 [info ] [MainThread]:   schema: raw
[0m18:31:48.804932 [info ] [MainThread]:   authenticator: None
[0m18:31:48.805041 [info ] [MainThread]:   oauth_client_id: None
[0m18:31:48.805150 [info ] [MainThread]:   query_tag: None
[0m18:31:48.805260 [info ] [MainThread]:   client_session_keep_alive: False
[0m18:31:48.805371 [info ] [MainThread]:   host: None
[0m18:31:48.805479 [info ] [MainThread]:   port: None
[0m18:31:48.805584 [info ] [MainThread]:   proxy_host: None
[0m18:31:48.805693 [info ] [MainThread]:   proxy_port: None
[0m18:31:48.805796 [info ] [MainThread]:   protocol: None
[0m18:31:48.805903 [info ] [MainThread]:   connect_retries: 1
[0m18:31:48.806008 [info ] [MainThread]:   connect_timeout: None
[0m18:31:48.806113 [info ] [MainThread]:   retry_on_database_errors: False
[0m18:31:48.806226 [info ] [MainThread]:   retry_all: False
[0m18:31:48.806332 [info ] [MainThread]:   insecure_mode: False
[0m18:31:48.806441 [info ] [MainThread]:   reuse_connections: True
[0m18:31:48.806547 [info ] [MainThread]:   s3_stage_vpce_dns_name: None
[0m18:31:48.806663 [info ] [MainThread]:   platform_detection_timeout_seconds: 0.0
[0m18:31:48.807090 [info ] [MainThread]: Registered adapter: snowflake=1.11.6
[0m18:31:48.868496 [debug] [MainThread]: Acquiring new snowflake connection 'debug'
[0m18:31:48.892935 [debug] [MainThread]: Using snowflake connection "debug"
[0m18:31:48.893109 [debug] [MainThread]: On debug: select 1 as id
[0m18:31:48.893235 [debug] [MainThread]: Opening a new connection, currently in state init
[0m18:31:48.895908 [debug] [MainThread]: Snowflake adapter: Error running SQL: select 1 as id
[0m18:31:48.896058 [debug] [MainThread]: Snowflake adapter: Rolling back transaction.
[0m18:31:48.896218 [info ] [MainThread]:   Connection test: [[31mERROR[0m]

[0m18:31:48.896369 [info ] [MainThread]: [31m1 check failed:[0m
[0m18:31:48.896499 [info ] [MainThread]: dbt was unable to connect to the specified database.
The database returned the following error:

  >Database Error
  251001: Invalid account identifier: only letters, digits, '_' and '-' allowed; no dots or slashes

Check your database credentials and try again. For more information, visit:
https://docs.getdbt.com/docs/configure-your-profile


[0m18:31:48.896710 [info ] [MainThread]: Your new dbt project "dbtecomm" was created!
Initialized new project in /Users/dev/Desktop/Dx/Projects/PIP-Projects/week1/ecommerce-elt-pipeline/dbtecomm/dbtecomm

For more information on how to configure the profiles.yml file,
please consult the dbt documentation here:

  https://docs.getdbt.com/docs/configure-your-profile

One more thing:

Need help? Don't hesitate to reach out to us via GitHub issues or on Slack:

  https://community.getdbt.com/

Happy modeling!

[0m18:31:48.896869 [info ] [MainThread]: [31mYour profile may need adjustments. You can find the logs of `dbt debug` above[0m
[0m18:31:48.898976 [debug] [MainThread]: Resource report: {"command_name": "init", "command_success": true, "command_wall_clock_time": 314.297, "process_in_blocks": "0", "process_kernel_time": 0.213797, "process_mem_max_rss": "164151296", "process_out_blocks": "0", "process_user_time": 0.852476}
[0m18:31:48.899480 [debug] [MainThread]: Command `dbt init` succeeded at 18:31:48.899423 after 314.30 seconds
[0m18:31:48.899626 [debug] [MainThread]: Connection 'debug' was left open.
[0m18:31:48.899739 [debug] [MainThread]: On debug: No close available on handle
[0m18:31:48.899920 [debug] [MainThread]: Sending event: {'category': 'dbt', 'action': 'invocation', 'label': 'end', 'context': [<snowplow_tracker.self_describing_json.SelfDescribingJson object at 0x10ee2c510>, <snowplow_tracker.self_describing_json.SelfDescribingJson object at 0x11105e570>, <snowplow_tracker.self_describing_json.SelfDescribingJson object at 0x110ffaad0>]}
[0m18:31:48.900127 [debug] [MainThread]: Flushing usage events
[0m18:31:50.270322 [debug] [MainThread]: An error was encountered while trying to flush usage events
[0m18:34:49.582118 [debug] [MainThread]: Sending event: {'category': 'dbt', 'action': 'invocation', 'label': 'start', 'context': [<snowplow_tracker.self_describing_json.SelfDescribingJson object at 0x10b32cd70>, <snowplow_tracker.self_describing_json.SelfDescribingJson object at 0x10c9cf610>, <snowplow_tracker.self_describing_json.SelfDescribingJson object at 0x10c9cf110>]}


============================== 18:34:49.585121 | 94d572cd-f458-4d0e-8c1c-3bc10830db9b ==============================
[0m18:34:49.585121 [info ] [MainThread]: Running with dbt=1.12.0-b3
[0m18:34:49.585400 [debug] [MainThread]: running dbt with arguments {'no_print': 'None', 'fail_fast': 'False', 'maximum_seed_size_mib': '1', 'static_parser': 'True', 'empty': 'None', 'indirect_selection': 'eager', 'log_path': 'logs', 'cache_selected_only': 'False', 'log_cache_events': 'False', 'quiet': 'False', 'warn_error_options': 'WarnErrorOptionsV2(error=[], warn=[], silence=[])', 'profiles_dir': '/Users/dev/.dbt', 'use_colors': 'True', 'invocation_command': 'dbt init', 'log_format': 'default', 'introspect': 'True', 'version_check': 'True', 'printer_width': '80', 'send_anonymous_usage_stats': 'True', 'debug': 'False', 'partial_parse': 'True', 'target_path': 'None', 'write_json': 'True', 'warn_error': 'None', 'use_experimental_parser': 'False'}
[0m18:35:29.724750 [debug] [MainThread]: Starter project path: /Users/dev/Desktop/Dx/Projects/PIP-Projects/week1/ecommerce-elt-pipeline/elt_venv/lib/python3.14/site-packages/dbt/include/starter_project
[0m18:35:29.741622 [info ] [MainThread]: Setting up your profile.
[0m18:35:34.774823 [debug] [MainThread]: Snowflake adapter: Setting snowflake.connector to ERROR (file logging only)
[0m18:35:34.775092 [debug] [MainThread]: Snowflake adapter: Setting botocore to ERROR (file logging only)
[0m18:35:34.775242 [debug] [MainThread]: Snowflake adapter: Setting boto3 to ERROR (file logging only)
[0m18:38:59.946231 [info ] [MainThread]: Profile dbt_ecomm written to /Users/dev/.dbt/profiles.yml using target's profile_template.yml and your supplied values.
[0m18:38:59.951718 [info ] [MainThread]: Running dbt debug to validate the project...
[0m18:38:59.952977 [info ] [MainThread]: dbt version: 1.12.0-b3
[0m18:38:59.953440 [info ] [MainThread]: python version: 3.14.6
[0m18:38:59.953761 [info ] [MainThread]: python path: /Users/dev/Desktop/Dx/Projects/PIP-Projects/week1/ecommerce-elt-pipeline/elt_venv/bin/python3.14
[0m18:38:59.954100 [info ] [MainThread]: os info: macOS-26.5.1-arm64-arm-64bit-Mach-O
[0m18:38:59.982168 [info ] [MainThread]: Using profiles dir at /Users/dev/.dbt
[0m18:38:59.982540 [info ] [MainThread]: Using profiles.yml file at /Users/dev/.dbt/profiles.yml
[0m18:38:59.982757 [info ] [MainThread]: Using dbt_project.yml file at /Users/dev/Desktop/Dx/Projects/PIP-Projects/week1/ecommerce-elt-pipeline/dbt_ecomm/dbt_project.yml
[0m18:38:59.983422 [info ] [MainThread]: adapter type: snowflake
[0m18:38:59.983688 [info ] [MainThread]: adapter version: 1.11.6
[0m18:39:00.032830 [info ] [MainThread]: Configuration:
[0m18:39:00.033104 [info ] [MainThread]:   profiles.yml file [[32mOK found and valid[0m]
[0m18:39:00.033250 [info ] [MainThread]:   dbt_project.yml file [[32mOK found and valid[0m]
[0m18:39:00.033380 [info ] [MainThread]: Required dependencies:
[0m18:39:00.033592 [debug] [MainThread]: Executing "git --help"
[0m18:39:00.051256 [debug] [MainThread]: STDOUT: "b"usage: git [-v | --version] [-h | --help] [-C <path>] [-c <name>=<value>]\n           [--exec-path[=<path>]] [--html-path] [--man-path] [--info-path]\n           [-p | --paginate | -P | --no-pager] [--no-replace-objects] [--no-lazy-fetch]\n           [--no-optional-locks] [--no-advice] [--bare] [--git-dir=<path>]\n           [--work-tree=<path>] [--namespace=<name>] [--config-env=<name>=<envvar>]\n           <command> [<args>]\n\nThese are common Git commands used in various situations:\n\nstart a working area (see also: git help tutorial)\n   clone      Clone a repository into a new directory\n   init       Create an empty Git repository or reinitialize an existing one\n\nwork on the current change (see also: git help everyday)\n   add        Add file contents to the index\n   mv         Move or rename a file, a directory, or a symlink\n   restore    Restore working tree files\n   rm         Remove files from the working tree and from the index\n\nexamine the history and state (see also: git help revisions)\n   bisect     Use binary search to find the commit that introduced a bug\n   diff       Show changes between commits, commit and working tree, etc\n   grep       Print lines matching a pattern\n   log        Show commit logs\n   show       Show various types of objects\n   status     Show the working tree status\n\ngrow, mark and tweak your common history\n   backfill   Download missing objects in a partial clone\n   branch     List, create, or delete branches\n   commit     Record changes to the repository\n   merge      Join two or more development histories together\n   rebase     Reapply commits on top of another base tip\n   reset      Reset current HEAD to the specified state\n   switch     Switch branches\n   tag        Create, list, delete or verify a tag object signed with GPG\n\ncollaborate (see also: git help workflows)\n   fetch      Download objects and refs from another repository\n   pull       Fetch from and integrate with another repository or a local branch\n   push       Update remote refs along with associated objects\n\n'git help -a' and 'git help -g' list available subcommands and some\nconcept guides. See 'git help <command>' or 'git help <concept>'\nto read about a specific subcommand or concept.\nSee 'git help git' for an overview of the system.\n""
[0m18:39:00.051843 [debug] [MainThread]: STDERR: "b''"
[0m18:39:00.051998 [info ] [MainThread]:  - git [[32mOK found[0m]

[0m18:39:00.052142 [info ] [MainThread]: Connection:
[0m18:39:00.052291 [info ] [MainThread]:   account: CNSFQSU-VL97973
[0m18:39:00.052407 [info ] [MainThread]:   user: FAHADZUBAIR
[0m18:39:00.052516 [info ] [MainThread]:   database: ecomm-dw
[0m18:39:00.052626 [info ] [MainThread]:   warehouse: ecomm-dw
[0m18:39:00.052732 [info ] [MainThread]:   role: ACCOUNTADMIN
[0m18:39:00.052843 [info ] [MainThread]:   schema: raw
[0m18:39:00.052951 [info ] [MainThread]:   authenticator: None
[0m18:39:00.053059 [info ] [MainThread]:   oauth_client_id: None
[0m18:39:00.053167 [info ] [MainThread]:   query_tag: None
[0m18:39:00.053275 [info ] [MainThread]:   client_session_keep_alive: False
[0m18:39:00.053382 [info ] [MainThread]:   host: None
[0m18:39:00.053486 [info ] [MainThread]:   port: None
[0m18:39:00.053598 [info ] [MainThread]:   proxy_host: None
[0m18:39:00.053710 [info ] [MainThread]:   proxy_port: None
[0m18:39:00.053825 [info ] [MainThread]:   protocol: None
[0m18:39:00.053932 [info ] [MainThread]:   connect_retries: 1
[0m18:39:00.054035 [info ] [MainThread]:   connect_timeout: None
[0m18:39:00.054141 [info ] [MainThread]:   retry_on_database_errors: False
[0m18:39:00.054253 [info ] [MainThread]:   retry_all: False
[0m18:39:00.054357 [info ] [MainThread]:   insecure_mode: False
[0m18:39:00.054463 [info ] [MainThread]:   reuse_connections: True
[0m18:39:00.054570 [info ] [MainThread]:   s3_stage_vpce_dns_name: None
[0m18:39:00.054681 [info ] [MainThread]:   platform_detection_timeout_seconds: 0.0
[0m18:39:00.055055 [info ] [MainThread]: Registered adapter: snowflake=1.11.6
[0m18:39:00.114766 [debug] [MainThread]: Acquiring new snowflake connection 'debug'
[0m18:39:00.138083 [debug] [MainThread]: Using snowflake connection "debug"
[0m18:39:00.138272 [debug] [MainThread]: On debug: select 1 as id
[0m18:39:00.138415 [debug] [MainThread]: Opening a new connection, currently in state init
[0m18:39:04.527284 [debug] [MainThread]: SQL status: SUCCESS 1 in 4.388 seconds
[0m18:39:04.529420 [info ] [MainThread]:   Connection test: [[32mOK connection ok[0m]

[0m18:39:04.529971 [info ] [MainThread]: [32mAll checks passed![0m
[0m18:39:04.530835 [info ] [MainThread]: Your new dbt project "dbt_ecomm" was created!
Initialized new project in /Users/dev/Desktop/Dx/Projects/PIP-Projects/week1/ecommerce-elt-pipeline/dbt_ecomm/dbt_ecomm

For more information on how to configure the profiles.yml file,
please consult the dbt documentation here:

  https://docs.getdbt.com/docs/configure-your-profile

One more thing:

Need help? Don't hesitate to reach out to us via GitHub issues or on Slack:

  https://community.getdbt.com/

Happy modeling!

[0m18:39:04.537880 [debug] [MainThread]: Resource report: {"command_name": "init", "command_success": true, "command_wall_clock_time": 255.01979, "process_in_blocks": "0", "process_kernel_time": 0.300168, "process_mem_max_rss": "164331520", "process_out_blocks": "0", "process_user_time": 1.139768}
[0m18:39:04.539178 [debug] [MainThread]: Command `dbt init` succeeded at 18:39:04.538898 after 255.02 seconds
[0m18:39:04.539944 [debug] [MainThread]: Connection 'debug' was left open.
[0m18:39:04.540450 [debug] [MainThread]: On debug: Close
[0m18:39:05.108253 [debug] [MainThread]: Sending event: {'category': 'dbt', 'action': 'invocation', 'label': 'end', 'context': [<snowplow_tracker.self_describing_json.SelfDescribingJson object at 0x10f11c050>, <snowplow_tracker.self_describing_json.SelfDescribingJson object at 0x1091deb10>, <snowplow_tracker.self_describing_json.SelfDescribingJson object at 0x10eba2be0>]}
[0m18:39:05.109557 [debug] [MainThread]: Flushing usage events
[0m18:39:06.585802 [debug] [MainThread]: An error was encountered while trying to flush usage events
[0m19:50:07.682210 [debug] [MainThread]: Sending event: {'category': 'dbt', 'action': 'invocation', 'label': 'start', 'context': [<snowplow_tracker.self_describing_json.SelfDescribingJson object at 0x10cd58d70>, <snowplow_tracker.self_describing_json.SelfDescribingJson object at 0x10e472850>, <snowplow_tracker.self_describing_json.SelfDescribingJson object at 0x10e472ad0>]}


============================== 19:50:07.686022 | 4588b611-bbee-4528-bcdb-5a843c13431d ==============================
[0m19:50:07.686022 [info ] [MainThread]: Running with dbt=1.12.0-b3
[0m19:50:07.686449 [debug] [MainThread]: running dbt with arguments {'send_anonymous_usage_stats': 'True', 'indirect_selection': 'eager', 'use_experimental_parser': 'False', 'warn_error': 'None', 'debug': 'False', 'log_path': 'logs', 'quiet': 'False', 'fail_fast': 'False', 'warn_error_options': 'WarnErrorOptionsV2(error=[], warn=[], silence=[])', 'invocation_command': 'dbt run --select CATEGORIES', 'log_cache_events': 'False', 'target_path': 'None', 'introspect': 'True', 'version_check': 'True', 'no_print': 'None', 'empty': 'False', 'log_format': 'default', 'partial_parse': 'True', 'printer_width': '80', 'cache_selected_only': 'False', 'profiles_dir': '/Users/dev/.dbt', 'static_parser': 'True', 'write_json': 'True', 'maximum_seed_size_mib': '1', 'use_colors': 'True'}
[0m19:50:07.686844 [error] [MainThread]: [[31mERROR[0m]: Encountered an error:
Runtime Error
  No dbt_project.yml found at expected path /Users/dev/Desktop/Dx/Projects/PIP-Projects/week1/ecommerce-elt-pipeline/dbt_project.yml
  Verify that each entry within packages.yml (and their transitive dependencies) contains a file named dbt_project.yml
  
[0m19:50:07.689413 [debug] [MainThread]: Resource report: {"command_name": "run", "command_success": false, "command_wall_clock_time": 0.06681459, "process_in_blocks": "0", "process_kernel_time": 0.141262, "process_mem_max_rss": "131334144", "process_out_blocks": "0", "process_user_time": 0.917764}
[0m19:50:07.689737 [debug] [MainThread]: Command `dbt run` failed at 19:50:07.689680 after 0.07 seconds
[0m19:50:07.689959 [debug] [MainThread]: Sending event: {'category': 'dbt', 'action': 'invocation', 'label': 'end', 'context': [<snowplow_tracker.self_describing_json.SelfDescribingJson object at 0x10e3d2060>, <snowplow_tracker.self_describing_json.SelfDescribingJson object at 0x10e3f31d0>, <snowplow_tracker.self_describing_json.SelfDescribingJson object at 0x10e4e47c0>]}
[0m19:50:07.690174 [debug] [MainThread]: Flushing usage events
[0m19:50:09.037103 [debug] [MainThread]: An error was encountered while trying to flush usage events
